#
# There is insufficient memory for the Java Runtime Environment to continue.
# Native memory allocation (mmap) failed to map 165675008 bytes for G1 virtual space
# Possible reasons:
#   The system is out of physical RAM or swap space
#   The process is running with CompressedOops enabled, and the Java Heap may be blocking the growth of the native heap
# Possible solutions:
#   Reduce memory load on the system
#   Increase physical memory or swap space
#   Check if swap backing store is full
#   Decrease Java heap size (-Xmx/-Xms)
#   Decrease number of Java threads
#   Decrease Java thread stack sizes (-Xss)
#   Set larger code cache with -XX:ReservedCodeCacheSize=
#   JVM is running with Zero Based Compressed Oops mode in which the Java heap is
#     placed in the first 32GB address space. The Java Heap base address is the
#     maximum limit for the native heap growth. Please use -XX:HeapBaseMinAddress
#     to set the Java Heap base and to place the Java Heap above 32GB virtual address.
# This output file may be truncated or incomplete.
#
#  Out of Memory Error (os_windows.cpp:3536), pid=32824, tid=156068
#
# JRE version:  (19.0.2+7) (build )
# Java VM: Java HotSpot(TM) 64-Bit Server VM (19.0.2+7-44, mixed mode, sharing, tiered, compressed oops, compressed class ptrs, g1 gc, windows-amd64)
# No core dump will be written. Minidumps are not enabled by default on client versions of Windows
#

---------------  S U M M A R Y ------------

Command Line: -Dfile.encoding=UTF-8 --module-path=C:\Users\gleison.schlemper\Downloads\lib\lib\mail.jar;C:\Users\gleison.schlemper\Downloads\lib\lib\javax.faces-api-2.0.jar;C:\Users\gleison.schlemper\Downloads\lib\lib\javax.ejb.jar;C:\Users\gleison.schlemper\Downloads\lib\lib\javax.activation-1.1.0.v201105071233.jar;C:\Users\gleison.schlemper\Downloads\lib\lib\javax-inject.jar;C:\Users\gleison.schlemper\Downloads\commons-email-1.5.jar;C:\Users\gleison.schlemper\OneDrive\Área de Trabalho\postgresql-42.2.16.jar -XX:+ShowCodeDetailsInExceptionMessages Classe.Main.Main

Host: AMD Ryzen 5 5500U with Radeon Graphics         , 12 cores, 9G,  Windows 11 , 64 bit Build 22621 (10.0.22621.2428)
Time: Wed Nov 22 16:09:48 2023 Hora oficial do Brasil elapsed time: 0.025196 seconds (0d 0h 0m 0s)

---------------  T H R E A D  ---------------

Current thread (0x000002a499cce7d0):  JavaThread "Unknown thread" [_thread_in_vm, id=156068, stack(0x000000aa02500000,0x000000aa02600000)]

Stack: [0x000000aa02500000,0x000000aa02600000]
Native frames: (J=compiled Java code, j=interpreted, Vv=VM code, C=native code)
V  [jvm.dll+0x6ee21a]
V  [jvm.dll+0x85765e]
V  [jvm.dll+0x85904e]
V  [jvm.dll+0x859703]
V  [jvm.dll+0x28298f]
V  [jvm.dll+0x6eb009]
V  [jvm.dll+0x6dfbaa]
V  [jvm.dll+0x3573f6]
V  [jvm.dll+0x35ee56]
V  [jvm.dll+0x3b541e]
V  [jvm.dll+0x3b564f]
V  [jvm.dll+0x32c9ea]
V  [jvm.dll+0x32d89e]
V  [jvm.dll+0x821780]
V  [jvm.dll+0x3c2661]
V  [jvm.dll+0x801f51]
V  [jvm.dll+0x44ae8f]
V  [jvm.dll+0x44c811]
C  [jli.dll+0x5287]
C  [ucrtbase.dll+0x29363]
C  [KERNEL32.DLL+0x1257d]
C  [ntdll.dll+0x5aa78]


---------------  P R O C E S S  ---------------

Threads class SMR info:
_java_thread_list=0x00007ff84b69d048, length=0, elements={
}

Java Threads: ( => current thread )

Other Threads:
  0x000002a49bf94370 WorkerThread "GC Thread#0" [stack: 0x000000aa02600000,0x000000aa02700000] [id=210840]
  0x000002a49bf9f240 ConcurrentGCThread "G1 Main Marker" [stack: 0x000000aa02700000,0x000000aa02800000] [id=30916]
  0x000002a49bfa0950 WorkerThread "G1 Conc#0" [stack: 0x000000aa02800000,0x000000aa02900000] [id=85324]

[error occurred during error reporting (printing all threads), id 0xc0000005, EXCEPTION_ACCESS_VIOLATION (0xc0000005) at pc=0x00007ff84ae5d427]

VM state: not at safepoint (not fully initialized)

VM Mutex/Monitor currently owned by a thread:  ([mutex/lock_event])
[0x000002a499cca740] Heap_lock - owner thread: 0x000002a499cce7d0

Heap address: 0x0000000762200000, size: 2526 MB, Compressed Oops mode: Zero based, Oop shift amount: 3

CDS archive(s) mapped at: [0x0000000000000000-0x0000000000000000-0x0000000000000000), size 0, SharedBaseAddress: 0x0000000800000000, ArchiveRelocationMode: 0.
Narrow klass base: 0x0000000000000000, Narrow klass shift: 0, Narrow klass range: 0x0

GC Precious Log:
 CardTable entry size: 512
 Card Set container configuration: InlinePtr #cards 4 size 8 Array Of Cards #cards 16 size 48 Howl #buckets 8 coarsen threshold 3686 Howl Bitmap #cards 512 size 80 coarsen threshold 460 Card regions per heap region 1 cards per card region 4096

Heap:
 garbage-first heap   total 0K, used 0K [0x0000000762200000, 0x0000000800000000)
  region size 2048K, 0 young (0K), 0 survivors (0K)

[error occurred during error reporting (printing heap information), id 0xc0000005, EXCEPTION_ACCESS_VIOLATION (0xc0000005) at pc=0x00007ff84b266649]

GC Heap History (0 events):
No events

Dll operation events (1 events):
Event: 0.017 Loaded shared library C:\Program Files\Java\jdk-19\bin\java.dll

Deoptimization events (0 events):
No events

Classes loaded (0 events):
No events

Classes unloaded (0 events):
No events

Classes redefined (0 events):
No events

Internal exceptions (0 events):
No events

VM Operations (0 events):
No events

Events (0 events):
No events


Dynamic libraries:
0x00007ff6b46b0000 - 0x00007ff6b46c0000 	C:\Program Files\Java\jdk-19\bin\javaw.exe
0x00007ff8ac350000 - 0x00007ff8ac567000 	C:\WINDOWS\SYSTEM32\ntdll.dll
0x00007ff869b80000 - 0x00007ff869b99000 	C:\Program Files\Avast Software\Avast\aswhook.dll
0x00007ff8aa6f0000 - 0x00007ff8aa7b4000 	C:\WINDOWS\System32\KERNEL32.DLL
0x00007ff8a9d00000 - 0x00007ff8aa0a6000 	C:\WINDOWS\System32\KERNELBASE.dll
0x00007ff8a9700000 - 0x00007ff8a9811000 	C:\WINDOWS\System32\ucrtbase.dll
0x00007ff89aa40000 - 0x00007ff89aa5b000 	C:\Program Files\Java\jdk-19\bin\VCRUNTIME140.dll
0x00007ff89aa60000 - 0x00007ff89aa78000 	C:\Program Files\Java\jdk-19\bin\jli.dll
0x00007ff8ab400000 - 0x00007ff8ab4b0000 	C:\WINDOWS\System32\ADVAPI32.dll
0x00007ff8aa450000 - 0x00007ff8aa4f7000 	C:\WINDOWS\System32\msvcrt.dll
0x00007ff8ac260000 - 0x00007ff8ac306000 	C:\WINDOWS\System32\sechost.dll
0x00007ff8aa0b0000 - 0x00007ff8aa1c7000 	C:\WINDOWS\System32\RPCRT4.dll
0x00007ff8ab000000 - 0x00007ff8ab1ad000 	C:\WINDOWS\System32\USER32.dll
0x00007ff8a96d0000 - 0x00007ff8a96f6000 	C:\WINDOWS\System32\win32u.dll
0x00007ff8aab50000 - 0x00007ff8aab79000 	C:\WINDOWS\System32\GDI32.dll
0x00007ff8a9990000 - 0x00007ff8a9aa8000 	C:\WINDOWS\System32\gdi32full.dll
0x00007ff8a9be0000 - 0x00007ff8a9c7a000 	C:\WINDOWS\System32\msvcp_win.dll
0x00007ff885de0000 - 0x00007ff886073000 	C:\WINDOWS\WinSxS\amd64_microsoft.windows.common-controls_6595b64144ccf1df_6.0.22621.2361_none_2712ced57382f843\COMCTL32.dll
0x00007ff8a8f70000 - 0x00007ff8a8f7a000 	C:\WINDOWS\SYSTEM32\VERSION.dll
0x00007ff8aa6b0000 - 0x00007ff8aa6e1000 	C:\WINDOWS\System32\IMM32.DLL
0x00000000541d0000 - 0x00000000541dc000 	C:\Program Files (x86)\360\Total Security\safemon\SafeWrapper.dll
0x00007ff88a1a0000 - 0x00007ff88a232000 	C:\Program Files (x86)\360\Total Security\safemon\libzdtp64.dll
0x00007ff8ab9e0000 - 0x00007ff8ac238000 	C:\WINDOWS\System32\SHELL32.dll
0x00007ff8aabf0000 - 0x00007ff8aac4e000 	C:\WINDOWS\System32\SHLWAPI.dll
0x00007ff89b2e0000 - 0x00007ff89b2ec000 	C:\Program Files\Java\jdk-19\bin\vcruntime140_1.dll
0x00007ff88a090000 - 0x00007ff88a11e000 	C:\Program Files\Java\jdk-19\bin\msvcp140.dll
0x00007ff84ab20000 - 0x00007ff84b7e0000 	C:\Program Files\Java\jdk-19\bin\server\jvm.dll
0x00007ff8a2dd0000 - 0x00007ff8a2dd9000 	C:\WINDOWS\SYSTEM32\WSOCK32.dll
0x00007ff8a34c0000 - 0x00007ff8a34f4000 	C:\WINDOWS\SYSTEM32\WINMM.dll
0x00007ff8ab1b0000 - 0x00007ff8ab221000 	C:\WINDOWS\System32\WS2_32.dll
0x00007ff8a86a0000 - 0x00007ff8a86b8000 	C:\WINDOWS\SYSTEM32\kernel.appcore.dll
0x00007ff896af0000 - 0x00007ff896afa000 	C:\Program Files\Java\jdk-19\bin\jimage.dll
0x00007ff8a0240000 - 0x00007ff8a046e000 	C:\WINDOWS\SYSTEM32\DBGHELP.DLL
0x00007ff8aa7c0000 - 0x00007ff8aab4a000 	C:\WINDOWS\System32\combase.dll
0x00007ff8aa360000 - 0x00007ff8aa437000 	C:\WINDOWS\System32\OLEAUT32.dll
0x00007ff89c690000 - 0x00007ff89c6c2000 	C:\WINDOWS\SYSTEM32\dbgcore.DLL
0x00007ff8a9c80000 - 0x00007ff8a9cfa000 	C:\WINDOWS\System32\bcryptPrimitives.dll
0x00007ff8911a0000 - 0x00007ff8911c6000 	C:\Program Files\Java\jdk-19\bin\java.dll

dbghelp: loaded successfully - version: 4.0.5 - missing functions: none
symbol engine: initialized successfully - sym options: 0x614 - pdb path: .;C:\Program Files\Java\jdk-19\bin;C:\WINDOWS\SYSTEM32;C:\Program Files\Avast Software\Avast;C:\WINDOWS\WinSxS\amd64_microsoft.windows.common-controls_6595b64144ccf1df_6.0.22621.2361_none_2712ced57382f843;C:\Program Files (x86)\360\Total Security\safemon;C:\Program Files\Java\jdk-19\bin\server

VM Arguments:
jvm_args: -Dfile.encoding=UTF-8 --module-path=C:\Users\gleison.schlemper\Downloads\lib\lib\mail.jar;C:\Users\gleison.schlemper\Downloads\lib\lib\javax.faces-api-2.0.jar;C:\Users\gleison.schlemper\Downloads\lib\lib\javax.ejb.jar;C:\Users\gleison.schlemper\Downloads\lib\lib\javax.activation-1.1.0.v201105071233.jar;C:\Users\gleison.schlemper\Downloads\lib\lib\javax-inject.jar;C:\Users\gleison.schlemper\Downloads\commons-email-1.5.jar;C:\Users\gleison.schlemper\OneDrive\Área de Trabalho\postgresql-42.2.16.jar -XX:+ShowCodeDetailsInExceptionMessages 
java_command: Classe.Main.Main
java_class_path (initial): C:\Users\gleison.schlemper\OneDrive\Área de Trabalho\projeto\bin
Launcher Type: SUN_STANDARD

[Global flags]
     intx CICompilerCount                          = 4                                         {product} {ergonomic}
     uint ConcGCThreads                            = 3                                         {product} {ergonomic}
     uint G1ConcRefinementThreads                  = 10                                        {product} {ergonomic}
   size_t G1HeapRegionSize                         = 2097152                                   {product} {ergonomic}
    uintx GCDrainStackTargetSize                   = 64                                        {product} {ergonomic}
   size_t InitialHeapSize                          = 165675008                                 {product} {ergonomic}
   size_t MarkStackSize                            = 4194304                                   {product} {ergonomic}
   size_t MaxHeapSize                              = 2648702976                                {product} {ergonomic}
   size_t MinHeapDeltaBytes                        = 2097152                                   {product} {ergonomic}
   size_t MinHeapSize                              = 8388608                                   {product} {ergonomic}
    uintx NonNMethodCodeHeapSize                   = 5839372                                {pd product} {ergonomic}
    uintx NonProfiledCodeHeapSize                  = 122909434                              {pd product} {ergonomic}
    uintx ProfiledCodeHeapSize                     = 122909434                              {pd product} {ergonomic}
    uintx ReservedCodeCacheSize                    = 251658240                              {pd product} {ergonomic}
     bool SegmentedCodeCache                       = true                                      {product} {ergonomic}
     bool ShowCodeDetailsInExceptionMessages       = true                                   {manageable} {command line}
   size_t SoftMaxHeapSize                          = 2648702976                             {manageable} {ergonomic}
     bool UseCompressedClassPointers               = true                           {product lp64_product} {ergonomic}
     bool UseCompressedOops                        = true                           {product lp64_product} {ergonomic}
     bool UseG1GC                                  = true                                      {product} {ergonomic}
     bool UseLargePagesIndividualAllocation        = false                                  {pd product} {ergonomic}

Logging:
Log output configuration:
 #0: stdout all=warning uptime,level,tags foldmultilines=false
 #1: stderr all=off uptime,level,tags foldmultilines=false

Environment Variables:
JAVA_HOME=C:\Users\gleison.schlemper\AppData\Local\Programs\Eclipse Adoptium\jdk-17.0.6.10-hotspot\
PATH=C:\Program Files\Common Files\Oracle\Java\javapath;C:\Python311\Scripts\;C:\Python311\;C:\WINDOWS\system32;C:\WINDOWS;C:\WINDOWS\System32\Wbem;C:\WINDOWS\System32\WindowsPowerShell\v1.0\;C:\WINDOWS\System32\OpenSSH\;C:\ProgramData\chocolatey\bin;C:\Program Files\Git\cmd;C:\xampp\php;C:\ProgramData\ComposerSetup\bin;C:\Program Files (x86)\Microsoft SQL Server\160\Tools\Binn\;C:\Program Files\Microsoft SQL Server\160\Tools\Binn\;C:\Program Files\Microsoft SQL Server\Client SDK\ODBC\170\Tools\Binn\;C:\Program Files\Microsoft SQL Server\160\DTS\Binn\;C:\ProgramData\UNIVALI\Portugol Studio;C:\Program Files\nodejs\;C:\Users\gleison.schlemper\.console-ninja\.bin;C:\Users\gleison.schlemper\AppData\Local\Programs\Eclipse Adoptium\jdk-17.0.6.10-hotspot\bin;C:\Users\gleison.schlemper\AppData\Local\Microsoft\WindowsApps;C:\xampp\php;C:\Users\gleison.schlemper\AppData\Roaming\Composer\vendor\bin;C:\Users\gleison.schlemper\AppData\Local\Programs\Microsoft VS Code\bin;C:\Program Files\Java\jdk-18.0.2.1;C:\Users\gleison.schlemper\AppData\Local\Microsoft\WindowsApps;C:\Users\gleison.schlemper\AppData\Roaming\npm
USERNAME=gleison.schlemper
OS=Windows_NT
PROCESSOR_IDENTIFIER=AMD64 Family 23 Model 104 Stepping 1, AuthenticAMD
TMP=C:\Users\GLEISO~1.SCH\AppData\Local\Temp
TEMP=C:\Users\GLEISO~1.SCH\AppData\Local\Temp



---------------  S Y S T E M  ---------------

OS:
 Windows 11 , 64 bit Build 22621 (10.0.22621.2428)
OS uptime: 7 days 5:05 hours

CPU: total 12 (initial active 12) (12 cores per cpu, 2 threads per core) family 23 model 104 stepping 1 microcode 0x0, cx8, cmov, fxsr, ht, mmx, 3dnowpref, sse, sse2, sse3, ssse3, sse4a, sse4.1, sse4.2, popcnt, lzcnt, tsc, tscinvbit, avx, avx2, aes, clmul, bmi1, bmi2, adx, sha, fma, vzeroupper, clflush, clflushopt, rdtscp, rdpid

Memory: 4k page, system-wide physical 10101M (555M free)
TotalPageFile size 39237M (AvailPageFile size 79M)
current process WorkingSet (physical memory assigned to process): 12M, peak: 12M
current process commit charge ("private bytes"): 64M, peak: 222M

vm_info: Java HotSpot(TM) 64-Bit Server VM (19.0.2+7-44) for windows-amd64 JRE (19.0.2+7-44), built on 2022-11-30T18:02:09Z by "mach5one" with MS VC++ 17.1 (VS2022)

END.
